KhodamGO/app/build/intermediates/manifest_merge_blame_file/debug/processDebugMainManifest/manifest-merger-blame-debug-report.txt
1<?xml version="1.0" encoding="utf-8"?>
2<manifest xmlns:android="http://schemas.android.com/apk/res/android"
3    package="com.example.khodamgo"
4    android:versionCode="1"
5    android:versionName="1.0" >
6
7    <uses-sdk
8        android:minSdkVersion="24"
9        android:targetSdkVersion="34" />
10
11    <uses-permission android:name="android.permission.CAMERA" />
11-->src\main\AndroidManifest.xml:5:5-64
11-->src\main\AndroidManifest.xml:5:22-62
12    <uses-permission android:name="android.permission.READ_EXTERNAL_STORAGE" />
12-->src\main\AndroidManifest.xml:6:5-79
12-->src\main\AndroidManifest.xml:6:22-77
13    <uses-permission android:name="android.permission.WRITE_EXTERNAL_STORAGE" />
13-->src\main\AndroidManifest.xml:7:5-80
13-->src\main\AndroidManifest.xml:7:22-78
14
15    <uses-feature
15-->src\main\AndroidManifest.xml:9:5-86
16        android:name="android.hardware.camera.ar"
16-->src\main\AndroidManifest.xml:9:19-60
17        android:required="true" />
17-->src\main\AndroidManifest.xml:9:61-84
18    <uses-feature
18-->src\main\AndroidManifest.xml:10:5-12:36
19        android:name="android.hardware.camera"
19-->src\main\AndroidManifest.xml:11:9-47
20        android:required="false" />
20-->src\main\AndroidManifest.xml:12:9-33
21
22    <uses-permission android:name="android.permission.RECORD_AUDIO" /> <!-- Needed to load gltf from network. -->
22-->[io.github.sceneview:arsceneview:0.9.8] AndroidManifest.xml:9:5-71
22-->[io.github.sceneview:arsceneview:0.9.8] AndroidManifest.xml:9:22-68
23    <uses-permission android:name="android.permission.INTERNET" /> <!-- SceneView requires OpenGLES 3.0 or later for 3D rendering. -->
23-->[io.github.sceneview:sceneview:0.9.8] AndroidManifest.xml:8:5-67
23-->[io.github.sceneview:sceneview:0.9.8] AndroidManifest.xml:8:22-64
24    <uses-feature
24-->[io.github.sceneview:sceneview:0.9.8] AndroidManifest.xml:11:5-13:35
25        android:glEsVersion="0x00030000"
25-->[io.github.sceneview:sceneview:0.9.8] AndroidManifest.xml:12:9-41
26        android:required="true" />
26-->[io.github.sceneview:sceneview:0.9.8] AndroidManifest.xml:13:9-32
27
28    <permission
28-->[androidx.core:core:1.15.0] AndroidManifest.xml:22:5-24:47
29        android:name="com.example.khodamgo.DYNAMIC_RECEIVER_NOT_EXPORTED_PERMISSION"
29-->[androidx.core:core:1.15.0] AndroidManifest.xml:23:9-81
30        android:protectionLevel="signature" />
30-->[androidx.core:core:1.15.0] AndroidManifest.xml:24:9-44
31
32    <uses-permission android:name="com.example.khodamgo.DYNAMIC_RECEIVER_NOT_EXPORTED_PERMISSION" />
32-->[androidx.core:core:1.15.0] AndroidManifest.xml:26:5-97
32-->[androidx.core:core:1.15.0] AndroidManifest.xml:26:22-94
33
34    <queries>
34-->[com.google.ar:core:1.35.0] AndroidManifest.xml:20:5-22:15
35        <package android:name="com.google.ar.core" />
35-->[com.google.ar:core:1.35.0] AndroidManifest.xml:21:9-54
35-->[com.google.ar:core:1.35.0] AndroidManifest.xml:21:18-51
36    </queries>
37
38    <application
38-->src\main\AndroidManifest.xml:14:5-39:19
39        android:allowBackup="true"
39-->src\main\AndroidManifest.xml:15:9-35
40        android:appComponentFactory="androidx.core.app.CoreComponentFactory"
40-->[androidx.core:core:1.15.0] AndroidManifest.xml:28:18-86
41        android:dataExtractionRules="@xml/data_extraction_rules"
41-->src\main\AndroidManifest.xml:16:9-65
42        android:debuggable="true"
43        android:extractNativeLibs="false"
44        android:fullBackupContent="@xml/backup_rules"
44-->src\main\AndroidManifest.xml:17:9-54
45        android:icon="@mipmap/ic_launcher"
45-->src\main\AndroidManifest.xml:18:9-43
46        android:label="@string/app_name"
46-->src\main\AndroidManifest.xml:19:9-41
47        android:roundIcon="@mipmap/ic_launcher_round"
47-->src\main\AndroidManifest.xml:20:9-54
48        android:supportsRtl="true"
48-->src\main\AndroidManifest.xml:21:9-35
49        android:testOnly="true"
50        android:theme="@style/Theme.KhodamGO" >
50-->src\main\AndroidManifest.xml:22:9-46
51        <activity
51-->src\main\AndroidManifest.xml:24:9-26:40
52            android:name="com.example.khodamgo.KhodamActivity"
52-->src\main\AndroidManifest.xml:25:13-43
53            android:exported="false" />
53-->src\main\AndroidManifest.xml:26:13-37
54        <activity
54-->src\main\AndroidManifest.xml:27:9-29:40
55            android:name="com.example.khodamgo.QuizActivity"
55-->src\main\AndroidManifest.xml:28:13-41
56            android:exported="false" />
56-->src\main\AndroidManifest.xml:29:13-37
57        <activity
57-->src\main\AndroidManifest.xml:30:9-38:20
58            android:name="com.example.khodamgo.MainActivity"
58-->src\main\AndroidManifest.xml:31:13-41
59            android:exported="true" >
59-->src\main\AndroidManifest.xml:32:13-36
60            <intent-filter>
60-->src\main\AndroidManifest.xml:33:13-37:29
61                <action android:name="android.intent.action.MAIN" />
61-->src\main\AndroidManifest.xml:34:17-69
61-->src\main\AndroidManifest.xml:34:25-66
62
63                <category android:name="android.intent.category.LAUNCHER" />
63-->src\main\AndroidManifest.xml:36:17-77
63-->src\main\AndroidManifest.xml:36:27-74
64            </intent-filter>
65        </activity>
66        <!--
67        Indicates that this app requires Google Play Services for AR ("AR Required") and causes
68        the Google Play Store to download and intall Google Play Services for AR along with the app.
69        For an "AR Optional" app, specify "optional" instead of "required".
70        -->
71        <meta-data
71-->[io.github.sceneview:arsceneview:0.9.8] AndroidManifest.xml:18:9-20:40
72            android:name="com.google.ar.core"
72-->[io.github.sceneview:arsceneview:0.9.8] AndroidManifest.xml:19:13-46
73            android:value="optional" />
73-->[io.github.sceneview:arsceneview:0.9.8] AndroidManifest.xml:20:13-37
74
75        <provider
75-->[androidx.emoji2:emoji2:1.3.0] AndroidManifest.xml:24:9-32:20
76            android:name="androidx.startup.InitializationProvider"
76-->[androidx.emoji2:emoji2:1.3.0] AndroidManifest.xml:25:13-67
77            android:authorities="com.example.khodamgo.androidx-startup"
77-->[androidx.emoji2:emoji2:1.3.0] AndroidManifest.xml:26:13-68
78            android:exported="false" >
78-->[androidx.emoji2:emoji2:1.3.0] AndroidManifest.xml:27:13-37
79            <meta-data
79-->[androidx.emoji2:emoji2:1.3.0] AndroidManifest.xml:29:13-31:52
80                android:name="androidx.emoji2.text.EmojiCompatInitializer"
80-->[androidx.emoji2:emoji2:1.3.0] AndroidManifest.xml:30:17-75
81                android:value="androidx.startup" />
81-->[androidx.emoji2:emoji2:1.3.0] AndroidManifest.xml:31:17-49
82            <meta-data
82-->[androidx.lifecycle:lifecycle-process:2.6.2] AndroidManifest.xml:29:13-31:52
83                android:name="androidx.lifecycle.ProcessLifecycleInitializer"
83-->[androidx.lifecycle:lifecycle-process:2.6.2] AndroidManifest.xml:30:17-78
84                android:value="androidx.startup" />
84-->[androidx.lifecycle:lifecycle-process:2.6.2] AndroidManifest.xml:31:17-49
85            <meta-data
85-->[androidx.profileinstaller:profileinstaller:1.4.0] AndroidManifest.xml:29:13-31:52
86                android:name="androidx.profileinstaller.ProfileInstallerInitializer"
86-->[androidx.profileinstaller:profileinstaller:1.4.0] AndroidManifest.xml:30:17-85
87                android:value="androidx.startup" />
87-->[androidx.profileinstaller:profileinstaller:1.4.0] AndroidManifest.xml:31:17-49
88        </provider>
89
90        <receiver
90-->[androidx.profileinstaller:profileinstaller:1.4.0] AndroidManifest.xml:34:9-52:20
91            android:name="androidx.profileinstaller.ProfileInstallReceiver"
91-->[androidx.profileinstaller:profileinstaller:1.4.0] AndroidManifest.xml:35:13-76
92            android:directBootAware="false"
92-->[androidx.profileinstaller:profileinstaller:1.4.0] AndroidManifest.xml:36:13-44
93            android:enabled="true"
93-->[androidx.profileinstaller:profileinstaller:1.4.0] AndroidManifest.xml:37:13-35
94            android:exported="true"
94-->[androidx.profileinstaller:profileinstaller:1.4.0] AndroidManifest.xml:38:13-36
95            android:permission="android.permission.DUMP" >
95-->[androidx.profileinstaller:profileinstaller:1.4.0] AndroidManifest.xml:39:13-57
96            <intent-filter>
96-->[androidx.profileinstaller:profileinstaller:1.4.0] AndroidManifest.xml:40:13-42:29
97                <action android:name="androidx.profileinstaller.action.INSTALL_PROFILE" />
97-->[androidx.profileinstaller:profileinstaller:1.4.0] AndroidManifest.xml:41:17-91
97-->[androidx.profileinstaller:profileinstaller:1.4.0] AndroidManifest.xml:41:25-88
98            </intent-filter>
99            <intent-filter>
99-->[androidx.profileinstaller:profileinstaller:1.4.0] AndroidManifest.xml:43:13-45:29
100                <action android:name="androidx.profileinstaller.action.SKIP_FILE" />
100-->[androidx.profileinstaller:profileinstaller:1.4.0] AndroidManifest.xml:44:17-85
100-->[androidx.profileinstaller:profileinstaller:1.4.0] AndroidManifest.xml:44:25-82
101            </intent-filter>
102            <intent-filter>
102-->[androidx.profileinstaller:profileinstaller:1.4.0] AndroidManifest.xml:46:13-48:29
103                <action android:name="androidx.profileinstaller.action.SAVE_PROFILE" />
103-->[androidx.profileinstaller:profileinstaller:1.4.0] AndroidManifest.xml:47:17-88
103-->[androidx.profileinstaller:profileinstaller:1.4.0] AndroidManifest.xml:47:25-85
104            </intent-filter>
105            <intent-filter>
105-->[androidx.profileinstaller:profileinstaller:1.4.0] AndroidManifest.xml:49:13-51:29
106                <action android:name="androidx.profileinstaller.action.BENCHMARK_OPERATION" />
106-->[androidx.profileinstaller:profileinstaller:1.4.0] AndroidManifest.xml:50:17-95
106-->[androidx.profileinstaller:profileinstaller:1.4.0] AndroidManifest.xml:50:25-92
107            </intent-filter>
108        </receiver> <!-- The minimal version code of ARCore APK required for an app using this SDK. -->
109        <meta-data
109-->[com.google.ar:core:1.35.0] AndroidManifest.xml:27:9-29:41
110            android:name="com.google.ar.core.min_apk_version"
110-->[com.google.ar:core:1.35.0] AndroidManifest.xml:28:13-62
111            android:value="223040000" /> <!-- This activity is critical for installing ARCore when it is not already present. -->
111-->[com.google.ar:core:1.35.0] AndroidManifest.xml:29:13-38
112        <activity
112-->[com.google.ar:core:1.35.0] AndroidManifest.xml:31:9-37:80
113            android:name="com.google.ar.core.InstallActivity"
113-->[com.google.ar:core:1.35.0] AndroidManifest.xml:32:13-62
114            android:configChanges="keyboardHidden|orientation|screenSize"
114-->[com.google.ar:core:1.35.0] AndroidManifest.xml:33:13-74
115            android:excludeFromRecents="true"
115-->[com.google.ar:core:1.35.0] AndroidManifest.xml:34:13-46
116            android:exported="false"
116-->[com.google.ar:core:1.35.0] AndroidManifest.xml:35:13-37
117            android:launchMode="singleTop"
117-->[com.google.ar:core:1.35.0] AndroidManifest.xml:36:13-43
118            android:theme="@android:style/Theme.Material.Light.Dialog.Alert" />
118-->[com.google.ar:core:1.35.0] AndroidManifest.xml:37:13-77
119    </application>
120
121</manifest>